c:\users\kmsma\onedrive\desktop\project details\crowdplat\3dprinter\3dprinter\x64\debug\3dprinter.pch
c:\users\kmsma\onedrive\desktop\project details\crowdplat\3dprinter\3dprinter\x64\debug\vc143.pdb
c:\users\kmsma\onedrive\desktop\project details\crowdplat\3dprinter\3dprinter\x64\debug\pch.obj
c:\users\kmsma\onedrive\desktop\project details\crowdplat\3dprinter\3dprinter\x64\debug\dllmain.obj
c:\users\kmsma\onedrive\desktop\project details\crowdplat\3dprinter\3dprinter\x64\debug\3dprinter.dll
c:\users\kmsma\onedrive\desktop\project details\crowdplat\3dprinter\3dprinter\x64\debug\3dprinter.pdb
c:\users\kmsma\onedrive\desktop\project details\crowdplat\3dprinter\3dprinter\x64\debug\3dprinter.lib
c:\users\kmsma\onedrive\desktop\project details\crowdplat\3dprinter\3dprinter\x64\debug\3dprinter.exp
c:\users\kmsma\onedrive\desktop\project details\crowdplat\24-10-2023\3dprinter\3dprinter\x64\debug\dllmain.obj
c:\users\kmsma\onedrive\desktop\project details\crowdplat\24-10-2023\3dprinter\3dprinter\x64\debug\pch.obj
c:\users\kmsma\onedrive\desktop\project details\crowdplat\24-10-2023\3dprinter\3dprinter\x64\debug\3dprinter.pch
c:\users\kmsma\onedrive\desktop\project details\crowdplat\24-10-2023\3dprinter\3dprinter\x64\debug\3dprinter.exp
c:\users\kmsma\onedrive\desktop\project details\crowdplat\24-10-2023\3dprinter\3dprinter\x64\debug\3dprinter.pdb
c:\users\kmsma\onedrive\desktop\project details\crowdplat\24-10-2023\3dprinter\3dprinter\x64\debug\vc143.pdb
c:\users\kmsma\onedrive\desktop\project details\crowdplat\24-10-2023\3dprinter\3dprinter\x64\debug\3dprinter.dll
c:\users\kmsma\onedrive\desktop\project details\crowdplat\24-10-2023\3dprinter\3dprinter\x64\debug\3dprinter.tlog\cl.command.1.tlog
c:\users\kmsma\onedrive\desktop\project details\crowdplat\24-10-2023\3dprinter\3dprinter\x64\debug\3dprinter.tlog\cl.items.tlog
c:\users\kmsma\onedrive\desktop\project details\crowdplat\24-10-2023\3dprinter\3dprinter\x64\debug\3dprinter.tlog\cl.read.1.tlog
c:\users\kmsma\onedrive\desktop\project details\crowdplat\24-10-2023\3dprinter\3dprinter\x64\debug\3dprinter.tlog\cl.write.1.tlog
c:\users\kmsma\onedrive\desktop\project details\crowdplat\24-10-2023\3dprinter\3dprinter\x64\debug\3dprinter.tlog\link.command.1.tlog
c:\users\kmsma\onedrive\desktop\project details\crowdplat\24-10-2023\3dprinter\3dprinter\x64\debug\3dprinter.tlog\link.read.1.tlog
c:\users\kmsma\onedrive\desktop\project details\crowdplat\24-10-2023\3dprinter\3dprinter\x64\debug\3dprinter.tlog\link.write.1.tlog
c:\users\kmsma\onedrive\desktop\project details\crowdplat\24-10-2023\3dprinter\3dprinter\x64\debug\3dprinter.tlog\link.write.2u.tlog
