  dllmain.cpp
D:\Project Details\crowdplat\NASA-CREO\3DPrinter\3DPrinter\dllmain.cpp(379,16): warning C4101: 'fStatus': unreferenced local variable
D:\Project Details\crowdplat\NASA-CREO\3DPrinter\3DPrinter\dllmain.cpp(382,20): warning C4101: 'FeatDefName': unreferenced local variable
D:\Project Details\crowdplat\NASA-CREO\3DPrinter\3DPrinter\dllmain.cpp(607,16): warning C4101: 'fStatus': unreferenced local variable
D:\Project Details\crowdplat\NASA-CREO\3DPrinter\3DPrinter\dllmain.cpp(681,10): warning C4101: 'pGalleryname': unreferenced local variable
D:\Project Details\crowdplat\NASA-CREO\3DPrinter\3DPrinter\dllmain.cpp(680,9): warning C4101: 'FeatMdl': unreferenced local variable
D:\Project Details\crowdplat\NASA-CREO\3DPrinter\3DPrinter\dllmain.cpp(677,16): warning C4101: 'fStatus': unreferenced local variable
D:\Project Details\crowdplat\NASA-CREO\3DPrinter\3DPrinter\dllmain.cpp(793,13): warning C4101: 'curve1': unreferenced local variable
D:\Project Details\crowdplat\NASA-CREO\3DPrinter\3DPrinter\dllmain.cpp(820,19): warning C4101: 'geomData': unreferenced local variable
D:\Project Details\crowdplat\NASA-CREO\3DPrinter\3DPrinter\dllmain.cpp(1027,26): warning C4101: 'value': unreferenced local variable
D:\Project Details\crowdplat\NASA-CREO\3DPrinter\3DPrinter\dllmain.cpp(1028,26): warning C4101: 'name': unreferenced local variable
D:\Project Details\crowdplat\NASA-CREO\3DPrinter\3DPrinter\dllmain.cpp(1047,8): warning C4101: 'n_select': unreferenced local variable
D:\Project Details\crowdplat\NASA-CREO\3DPrinter\3DPrinter\dllmain.cpp(1046,16): warning C4101: 'p_select': unreferenced local variable
D:\Project Details\crowdplat\NASA-CREO\3DPrinter\3DPrinter\dllmain.cpp(1045,16): warning C4101: 'value_data': unreferenced local variable
D:\Project Details\crowdplat\NASA-CREO\3DPrinter\3DPrinter\dllmain.cpp(1218,26): warning C4101: 'value': unreferenced local variable
D:\Project Details\crowdplat\NASA-CREO\3DPrinter\3DPrinter\dllmain.cpp(1215,26): warning C4101: 'feature': unreferenced local variable
D:\Project Details\crowdplat\NASA-CREO\3DPrinter\3DPrinter\dllmain.cpp(1219,26): warning C4101: 'name': unreferenced local variable
D:\Project Details\crowdplat\NASA-CREO\3DPrinter\3DPrinter\dllmain.cpp(1231,8): warning C4101: 'n_select': unreferenced local variable
D:\Project Details\crowdplat\NASA-CREO\3DPrinter\3DPrinter\dllmain.cpp(1230,16): warning C4101: 'p_select': unreferenced local variable
D:\Project Details\crowdplat\NASA-CREO\3DPrinter\3DPrinter\dllmain.cpp(1229,16): warning C4101: 'value_data': unreferenced local variable
D:\Project Details\crowdplat\NASA-CREO\3DPrinter\3DPrinter\dllmain.cpp(4459,10): warning C4101: 'comp_datums': unreferenced local variable
D:\Project Details\crowdplat\NASA-CREO\3DPrinter\3DPrinter\dllmain.cpp(4471,17): warning C4101: 'comp_path': unreferenced local variable
D:\Project Details\crowdplat\NASA-CREO\3DPrinter\3DPrinter\dllmain.cpp(4458,10): warning C4101: 'asm_datums': unreferenced local variable
D:\Project Details\crowdplat\NASA-CREO\3DPrinter\3DPrinter\dllmain.cpp(4474,11): warning C4101: 'Skt_Part': unreferenced local variable
D:\Project Details\crowdplat\NASA-CREO\3DPrinter\3DPrinter\dllmain.cpp(4467,6): warning C4101: 'i': unreferenced local variable
D:\Project Details\crowdplat\NASA-CREO\3DPrinter\3DPrinter\dllmain.cpp(4570,10): warning C4101: 'comp_datums': unreferenced local variable
D:\Project Details\crowdplat\NASA-CREO\3DPrinter\3DPrinter\dllmain.cpp(4582,17): warning C4101: 'comp_path': unreferenced local variable
D:\Project Details\crowdplat\NASA-CREO\3DPrinter\3DPrinter\dllmain.cpp(4569,10): warning C4101: 'asm_datums': unreferenced local variable
D:\Project Details\crowdplat\NASA-CREO\3DPrinter\3DPrinter\dllmain.cpp(4585,11): warning C4101: 'Skt_Part': unreferenced local variable
D:\Project Details\crowdplat\NASA-CREO\3DPrinter\3DPrinter\dllmain.cpp(4578,6): warning C4101: 'i': unreferenced local variable
D:\Project Details\crowdplat\NASA-CREO\3DPrinter\3DPrinter\dllmain.cpp(4724,11): warning C4101: 'wview_Name': unreferenced local variable
D:\Project Details\crowdplat\NASA-CREO\3DPrinter\3DPrinter\dllmain.cpp(4816,11): warning C4101: 'wview_Name': unreferenced local variable
D:\Project Details\crowdplat\NASA-CREO\3DPrinter\3DPrinter\dllmain.cpp(4870,13): warning C4101: 'view': unreferenced local variable
D:\Project Details\crowdplat\NASA-CREO\3DPrinter\3DPrinter\dllmain.cpp(4958,90): warning C4101: 'YVal': unreferenced local variable
D:\Project Details\crowdplat\NASA-CREO\3DPrinter\3DPrinter\dllmain.cpp(4958,109): warning C4101: 'YRVal': unreferenced local variable
D:\Project Details\crowdplat\NASA-CREO\3DPrinter\3DPrinter\dllmain.cpp(4958,102): warning C4101: 'XRVal': unreferenced local variable
D:\Project Details\crowdplat\NASA-CREO\3DPrinter\3DPrinter\dllmain.cpp(4958,96): warning C4101: 'ZVal': unreferenced local variable
D:\Project Details\crowdplat\NASA-CREO\3DPrinter\3DPrinter\dllmain.cpp(4958,84): warning C4101: 'XVal': unreferenced local variable
D:\Project Details\crowdplat\NASA-CREO\3DPrinter\3DPrinter\dllmain.cpp(5044,13): warning C4101: 'Csys1': unreferenced local variable
D:\Project Details\crowdplat\NASA-CREO\3DPrinter\3DPrinter\dllmain.cpp(5137,13): warning C4101: 'k': unreferenced local variable
D:\Project Details\crowdplat\NASA-CREO\3DPrinter\3DPrinter\dllmain.cpp(5139,10): warning C4101: 'scale': unreferenced local variable
D:\Project Details\crowdplat\NASA-CREO\3DPrinter\3DPrinter\dllmain.cpp(5134,13): warning C4101: 'matrix': unreferenced local variable
D:\Project Details\crowdplat\NASA-CREO\3DPrinter\3DPrinter\dllmain.cpp(5138,7): warning C4101: 'window': unreferenced local variable
D:\Project Details\crowdplat\NASA-CREO\3DPrinter\3DPrinter\dllmain.cpp(5137,10): warning C4101: 'j': unreferenced local variable
D:\Project Details\crowdplat\NASA-CREO\3DPrinter\3DPrinter\dllmain.cpp(5137,7): warning C4101: 'i': unreferenced local variable
D:\Project Details\crowdplat\NASA-CREO\3DPrinter\3DPrinter\dllmain.cpp(5254,13): warning C4101: 'k': unreferenced local variable
D:\Project Details\crowdplat\NASA-CREO\3DPrinter\3DPrinter\dllmain.cpp(5256,10): warning C4101: 'scale': unreferenced local variable
D:\Project Details\crowdplat\NASA-CREO\3DPrinter\3DPrinter\dllmain.cpp(5251,13): warning C4101: 'matrix': unreferenced local variable
D:\Project Details\crowdplat\NASA-CREO\3DPrinter\3DPrinter\dllmain.cpp(5255,7): warning C4101: 'window': unreferenced local variable
D:\Project Details\crowdplat\NASA-CREO\3DPrinter\3DPrinter\dllmain.cpp(5254,10): warning C4101: 'j': unreferenced local variable
D:\Project Details\crowdplat\NASA-CREO\3DPrinter\3DPrinter\dllmain.cpp(5254,7): warning C4101: 'i': unreferenced local variable
D:\Project Details\crowdplat\NASA-CREO\3DPrinter\3DPrinter\dllmain.cpp(5296,11): warning C4101: 'wview_Name': unreferenced local variable
D:\Project Details\crowdplat\NASA-CREO\3DPrinter\3DPrinter\dllmain.cpp(5301,11): warning C4101: 'wview_Name': unreferenced local variable
D:\Project Details\crowdplat\NASA-CREO\3DPrinter\3DPrinter\dllmain.cpp(5306,11): warning C4101: 'wview_Name': unreferenced local variable
D:\Project Details\crowdplat\NASA-CREO\3DPrinter\3DPrinter\dllmain.cpp(5318,2): warning C4996: 'strcpy': This function or variable may be unsafe. Consider using strcpy_s instead. To disable deprecation, use _CRT_SECURE_NO_WARNINGS. See online help for details.
D:\Project Details\crowdplat\NASA-CREO\3DPrinter\3DPrinter\dllmain.cpp(5572,12): warning C4101: 'wDimName': unreferenced local variable
D:\Project Details\crowdplat\NASA-CREO\3DPrinter\3DPrinter\dllmain.cpp(5573,9): warning C4101: 'cDimName': unreferenced local variable
D:\Project Details\crowdplat\NASA-CREO\3DPrinter\3DPrinter\dllmain.cpp(5691,12): warning C4101: 'p_handle': unreferenced local variable
D:\Project Details\crowdplat\NASA-CREO\3DPrinter\3DPrinter\dllmain.cpp(5687,15): warning C4101: 'Curve_item': unreferenced local variable
D:\Project Details\crowdplat\NASA-CREO\3DPrinter\3DPrinter\dllmain.cpp(5702,17): warning C4101: 'curvMdlItem': unreferenced local variable
D:\Project Details\crowdplat\NASA-CREO\3DPrinter\3DPrinter\dllmain.cpp(5706,12): warning C4101: 'p_length': unreferenced local variable
D:\Project Details\crowdplat\NASA-CREO\3DPrinter\3DPrinter\dllmain.cpp(5707,22): warning C4101: 'geomitemdata': unreferenced local variable
D:\Project Details\crowdplat\NASA-CREO\3DPrinter\3DPrinter\dllmain.cpp(5705,14): warning C4101: 'Curve': unreferenced local variable
D:\Project Details\crowdplat\NASA-CREO\3DPrinter\3DPrinter\dllmain.cpp(5743,17): warning C4101: 'curvMdlItem': unreferenced local variable
D:\Project Details\crowdplat\NASA-CREO\3DPrinter\3DPrinter\dllmain.cpp(5764,17): warning C4101: 'curvMdlItem': unreferenced local variable
D:\Project Details\crowdplat\NASA-CREO\3DPrinter\3DPrinter\dllmain.cpp(5798,74): warning C4101: 'dirEdgeItem': unreferenced local variable
D:\Project Details\crowdplat\NASA-CREO\3DPrinter\3DPrinter\dllmain.cpp(5913,11): warning C4101: 'pntRefEdge': unreferenced local variable
D:\Project Details\crowdplat\NASA-CREO\3DPrinter\3DPrinter\dllmain.cpp(5891,19): warning C4101: 'pnt_2': unreferenced local variable
D:\Project Details\crowdplat\NASA-CREO\3DPrinter\3DPrinter\dllmain.cpp(5973,13): warning C4101: 'wDimName': unreferenced local variable
D:\Project Details\crowdplat\NASA-CREO\3DPrinter\3DPrinter\dllmain.cpp(5974,10): warning C4101: 'cDimName': unreferenced local variable
D:\Project Details\crowdplat\NASA-CREO\3DPrinter\3DPrinter\dllmain.cpp(6063,13): warning C4101: 'cmd_id1': unreferenced local variable
C:\Program Files\Microsoft Visual Studio\2022\Community\VC\Tools\MSVC\14.36.32532\include\xstring(2765,53): warning C4244: 'argument': conversion from 'wchar_t' to 'const _Elem', possible loss of data
          with
          [
              _Elem=char
          ]
C:\Program Files\Microsoft Visual Studio\2022\Community\VC\Tools\MSVC\14.36.32532\include\xstring(2621,17): message : see reference to function template instantiation 'void std::basic_string<char,std::char_traits<char>,std::allocator<char>>::_Construct_from_iter<wchar_t*,wchar_t*,_Size_type>(_Iter,const _Sent,_Size)' being compiled
          with
          [
              _Size_type=unsigned __int64,
              _Iter=wchar_t *,
              _Sent=wchar_t *,
              _Size=unsigned __int64
          ]
D:\Project Details\crowdplat\NASA-CREO\3DPrinter\3DPrinter\dllmain.cpp(601,18): message : see reference to function template instantiation 'std::basic_string<char,std::char_traits<char>,std::allocator<char>>::basic_string<std::_String_iterator<std::_String_val<std::_Simple_types<_Elem>>>,0>(_Iter,_Iter,const _Alloc &)' being compiled
          with
          [
              _Elem=wchar_t,
              _Iter=std::_String_iterator<std::_String_val<std::_Simple_types<wchar_t>>>,
              _Alloc=std::allocator<char>
          ]
D:\Project Details\crowdplat\NASA-CREO\3DPrinter\3DPrinter\dllmain.cpp(601,18): message : see the first reference to 'std::basic_string<char,std::char_traits<char>,std::allocator<char>>::basic_string' in 'WcharToString'
     Creating library D:\Project Details\crowdplat\NASA-CREO\3DPrinter\3DPrinter\x64\Debug\3DPrinter.lib and object D:\Project Details\crowdplat\NASA-CREO\3DPrinter\3DPrinter\x64\Debug\3DPrinter.exp
  3DPrinter.vcxproj -> D:\Project Details\crowdplat\NASA-CREO\3DPrinter\3DPrinter\x64\Debug\3DPrinter.dll
